
> e-commerce-store@1.0.0 typecheck
> tsc --noEmit

backend/controllers/payment.controller.ts(15,7): error TS2869: Right operand of ?? is unreachable because the left operand is never nullish.
backend/lib/redis-monitoring.ts(97,21): error TS2869: Right operand of ?? is unreachable because the left operand is never nullish.
backend/lib/redis-monitoring.ts(214,22): error TS2869: Right operand of ?? is unreachable because the left operand is never nullish.
backend/lib/uploadthing.ts(5,40): error TS2869: Right operand of ?? is unreachable because the left operand is never nullish.
backend/lib/websocket.ts(237,9): error TS2870: This binary expression is never nullish. Are you missing parentheses?
backend/middleware/cart-validation.middleware.ts(54,9): error TS2869: Right operand of ?? is unreachable because the left operand is never nullish.
backend/middleware/validation.middleware.ts(13,11): error TS2552: Cannot find name 'error'. Did you mean '_error'?
backend/middleware/validation.middleware.ts(17,19): error TS2552: Cannot find name 'error'. Did you mean '_error'?
backend/middleware/validation.middleware.ts(17,36): error TS7006: Parameter 'err' implicitly has an 'any' type.
backend/middleware/validation.middleware.ts(24,12): error TS2552: Cannot find name 'error'. Did you mean '_error'?
backend/models/user.model.ts(245,7): error TS2869: Right operand of ?? is unreachable because the left operand is never nullish.
backend/routes/unsubscribe.route.ts(13,9): error TS2869: Right operand of ?? is unreachable because the left operand is never nullish.
backend/routes/unsubscribe.route.ts(95,9): error TS2552: Cannot find name 'error'. Did you mean '_error'?
backend/routes/unsubscribe.route.ts(96,25): error TS2552: Cannot find name 'error'. Did you mean '_error'?
backend/routes/unsubscribe.route.ts(98,18): error TS2552: Cannot find name 'error'. Did you mean '_error'?
backend/scripts/create-coupon.ts(30,9): error TS2869: Right operand of ?? is unreachable because the left operand is never nullish.
backend/scripts/migrate-variant-label.ts(105,13): error TS2869: Right operand of ?? is unreachable because the left operand is never nullish.
backend/services/__tests__/auth.service.test.ts(67,13): error TS6133: 'findOneSpy' is declared but its value is never read.
backend/services/__tests__/auth.service.test.ts(77,13): error TS6133: 'findOneSpy' is declared but its value is never read.
backend/services/__tests__/auth.service.test.ts(143,13): error TS6133: 'findByIdSpy' is declared but its value is never read.
backend/services/__tests__/auth.service.test.ts(155,13): error TS6133: 'findByIdSpy' is declared but its value is never read.
backend/services/__tests__/auth.service.test.ts(171,13): error TS6133: 'findByIdSpy' is declared but its value is never read.
backend/services/__tests__/auth.service.test.ts(192,13): error TS6133: 'findByIdSpy' is declared but its value is never read.
backend/services/__tests__/auth.service.test.ts(213,13): error TS6133: 'findByIdSpy' is declared but its value is never read.
backend/services/analytics.service.ts(57,9): error TS2869: Right operand of ?? is unreachable because the left operand is never nullish.
backend/services/analytics.service.ts(61,28): error TS2769: No overload matches this call.
  Overload 1 of 5, '(value: string | number | Date): Date', gave the following error.
    Argument of type 'string | undefined' is not assignable to parameter of type 'string | number | Date'.
      Type 'undefined' is not assignable to type 'string | number | Date'.
  Overload 2 of 5, '(vd: VarDate): Date', gave the following error.
    Argument of type 'string | undefined' is not assignable to parameter of type 'VarDate'.
      Type 'undefined' is not assignable to type 'VarDate'.
  Overload 3 of 5, '(value: string | number): Date', gave the following error.
    Argument of type 'string | undefined' is not assignable to parameter of type 'string | number'.
      Type 'undefined' is not assignable to type 'string | number'.
backend/services/email.service.ts(190,11): error TS2869: Right operand of ?? is unreachable because the left operand is never nullish.
backend/services/email.service.ts(200,13): error TS18047: 'resend' is possibly 'null'.
backend/services/helpers/variant.helper.ts(16,7): error TS2869: Right operand of ?? is unreachable because the left operand is never nullish.
backend/services/inventory-monitor.service.ts(191,9): error TS2869: Right operand of ?? is unreachable because the left operand is never nullish.
backend/services/inventory.service.ts(108,9): error TS2869: Right operand of ?? is unreachable because the left operand is never nullish.
backend/services/inventory.service.ts(166,11): error TS2869: Right operand of ?? is unreachable because the left operand is never nullish.
backend/services/inventory.service.ts(399,9): error TS2869: Right operand of ?? is unreachable because the left operand is never nullish.
backend/services/media.service.ts(66,11): error TS2869: Right operand of ?? is unreachable because the left operand is never nullish.
backend/services/media.service.ts(183,9): error TS2869: Right operand of ?? is unreachable because the left operand is never nullish.
backend/services/payment.service.ts(358,9): error TS2869: Right operand of ?? is unreachable because the left operand is never nullish.
backend/services/payment.service.ts(376,7): error TS2322: Type 'ObjectId | undefined' is not assignable to type 'ObjectId'.
  Type 'undefined' is not assignable to type 'ObjectId'.
backend/services/product.service.ts(295,9): error TS2869: Right operand of ?? is unreachable because the left operand is never nullish.
backend/services/product.service.ts(341,25): error TS2869: Right operand of ?? is unreachable because the left operand is never nullish.
backend/services/product.service.ts(446,11): error TS2870: This binary expression is never nullish. Are you missing parentheses?
backend/services/product.service.ts(864,11): error TS2869: Right operand of ?? is unreachable because the left operand is never nullish.
backend/services/product.service.ts(864,23): error TS18047: 'product' is possibly 'null'.
backend/trpc/index.ts(33,7): error TS2869: Right operand of ?? is unreachable because the left operand is never nullish.
backend/trpc/index.ts(33,20): error TS18047: 'ctx.user' is possibly 'null'.
backend/trpc/index.ts(39,16): error TS18047: 'ctx.user' is possibly 'null'.
backend/trpc/middleware/rateLimiter.ts(41,11): error TS2869: Right operand of ?? is unreachable because the left operand is never nullish.
backend/trpc/middleware/rateLimiter.ts(41,21): error TS18048: 'entry' is possibly 'undefined'.
backend/trpc/middleware/rateLimiter.ts(47,9): error TS18048: 'entry' is possibly 'undefined'.
backend/trpc/middleware/rateLimiter.ts(48,13): error TS18048: 'entry' is possibly 'undefined'.
backend/trpc/routers/media.router.ts(25,18): error TS18047: 'ctx.user' is possibly 'null'.
backend/trpc/routers/media.router.ts(49,18): error TS18047: 'ctx.user' is possibly 'null'.
backend/trpc/routers/media.router.ts(70,18): error TS18047: 'ctx.user' is possibly 'null'.
backend/trpc/routers/media.router.ts(134,18): error TS18047: 'ctx.user' is possibly 'null'.
backend/trpc/routers/media.router.ts(200,18): error TS18047: 'ctx.user' is possibly 'null'.
backend/utils/mediaTestHelpers.ts(147,9): error TS2869: Right operand of ?? is unreachable because the left operand is never nullish.
backend/utils/mediaTestHelpers.ts(150,9): error TS2869: Right operand of ?? is unreachable because the left operand is never nullish.
backend/utils/validateEnv.ts(5,33): error TS2869: Right operand of ?? is unreachable because the left operand is never nullish.
backend/validations/product.validation.ts(82,7): error TS2870: This binary expression is never nullish. Are you missing parentheses?
backend/validations/product.validation.ts(113,7): error TS2870: This binary expression is never nullish. Are you missing parentheses?
backend/validations/product.validation.ts(118,7): error TS2869: Right operand of ?? is unreachable because the left operand is never nullish.
backend/validations/product.validation.ts(118,25): error TS18048: 'data.variants' is possibly 'undefined'.
backend/validations/product.validation.ts(124,25): error TS18048: 'data.variants' is possibly 'undefined'.
backend/validations/product.validation.ts(131,32): error TS18048: 'data.variants' is possibly 'undefined'.
